# JRE version: OpenJDK Runtime Environment (8.0_152-b01) (build 1.8.0_152-release-1248-b01)
# Java VM: OpenJDK 64-Bit Server VM (25.152-b01 mixed mode windows-amd64 compressed oops)
Heap:
 PSYoungGen      total 141824K, used 40336K [0x00000000e0000000, 0x00000000f0180000, 0x0000000100000000)
  eden space 131072K, 22% used [0x00000000e0000000,0x00000000e1cea238,0x00000000e8000000)
  from space 10752K, 99% used [0x00000000e8000000,0x00000000e8a7a1c0,0x00000000e8a80000)
  to   space 14336K, 44% used [0x00000000ef380000,0x00000000ef9b20d0,0x00000000f0180000)
 ParOldGen       total 39936K, used 15069K [0x00000000a0000000, 0x00000000a2700000, 0x00000000e0000000)
  object space 39936K, 37% used [0x00000000a0000000,0x00000000a0eb7408,0x00000000a2700000)
 Metaspace       used 34871K, capacity 35340K, committed 35496K, reserved 1079296K
  class space    used 4753K, capacity 4955K, committed 5040K, reserved 1048576K
GC Heap History (10 events):
Event: 8.965 GC heap after
Heap after GC invocations=4 (full 0):
 PSYoungGen      total 68096K, used 2545K [0x00000000e0000000, 0x00000000e4500000, 0x0000000100000000)
  eden space 65536K, 0% used [0x00000000e0000000,0x00000000e0000000,0x00000000e4000000)
  from space 2560K, 99% used [0x00000000e4280000,0x00000000e44fc420,0x00000000e4500000)
  to   space 2560K, 0% used [0x00000000e4000000,0x00000000e4000000,0x00000000e4280000)
 ParOldGen       total 44032K, used 6379K [0x00000000a0000000, 0x00000000a2b00000, 0x00000000e0000000)
  object space 44032K, 14% used [0x00000000a0000000,0x00000000a063aeb0,0x00000000a2b00000)
 Metaspace       used 13527K, capacity 13914K, committed 14208K, reserved 1060864K
  class space    used 1899K, capacity 2061K, committed 2176K, reserved 1048576K
}
Event: 22.871 GC heap before
{Heap before GC invocations=5 (full 0):
 PSYoungGen      total 68096K, used 68081K [0x00000000e0000000, 0x00000000e4500000, 0x0000000100000000)
  eden space 65536K, 100% used [0x00000000e0000000,0x00000000e4000000,0x00000000e4000000)
  from space 2560K, 99% used [0x00000000e4280000,0x00000000e44fc420,0x00000000e4500000)
  to   space 2560K, 0% used [0x00000000e4000000,0x00000000e4000000,0x00000000e4280000)
 ParOldGen       total 44032K, used 6379K [0x00000000a0000000, 0x00000000a2b00000, 0x00000000e0000000)
  object space 44032K, 14% used [0x00000000a0000000,0x00000000a063aeb0,0x00000000a2b00000)
 Metaspace       used 20361K, capacity 20822K, committed 20992K, reserved 1067008K
  class space    used 2868K, capacity 3053K, committed 3072K, reserved 1048576K
Event: 22.907 GC heap after
Heap after GC invocations=5 (full 0):
 PSYoungGen      total 68096K, used 2528K [0x00000000e0000000, 0x00000000e9600000, 0x0000000100000000)
  eden space 65536K, 0% used [0x00000000e0000000,0x00000000e0000000,0x00000000e4000000)
  from space 2560K, 98% used [0x00000000e4000000,0x00000000e4278020,0x00000000e4280000)
  to   space 11264K, 0% used [0x00000000e8b00000,0x00000000e8b00000,0x00000000e9600000)
 ParOldGen       total 44032K, used 14413K [0x00000000a0000000, 0x00000000a2b00000, 0x00000000e0000000)
  object space 44032K, 32% used [0x00000000a0000000,0x00000000a0e13470,0x00000000a2b00000)
 Metaspace       used 20361K, capacity 20822K, committed 20992K, reserved 1067008K
  class space    used 2868K, capacity 3053K, committed 3072K, reserved 1048576K
}
Event: 23.175 GC heap before
{Heap before GC invocations=6 (full 0):
 PSYoungGen      total 68096K, used 4542K [0x00000000e0000000, 0x00000000e9600000, 0x0000000100000000)
  eden space 65536K, 3% used [0x00000000e0000000,0x00000000e01f7a38,0x00000000e4000000)
  from space 2560K, 98% used [0x00000000e4000000,0x00000000e4278020,0x00000000e4280000)
  to   space 11264K, 0% used [0x00000000e8b00000,0x00000000e8b00000,0x00000000e9600000)
 ParOldGen       total 44032K, used 14413K [0x00000000a0000000, 0x00000000a2b00000, 0x00000000e0000000)
  object space 44032K, 32% used [0x00000000a0000000,0x00000000a0e13470,0x00000000a2b00000)
 Metaspace       used 20812K, capacity 21270K, committed 21296K, reserved 1067008K
  class space    used 2912K, capacity 3117K, committed 3120K, reserved 1048576K
Event: 23.197 GC heap after
Heap after GC invocations=6 (full 0):
 PSYoungGen      total 141312K, used 2962K [0x00000000e0000000, 0x00000000e9500000, 0x0000000100000000)
  eden space 131072K, 0% used [0x00000000e0000000,0x00000000e0000000,0x00000000e8000000)
  from space 10240K, 28% used [0x00000000e8b00000,0x00000000e8de4b90,0x00000000e9500000)
  to   space 10752K, 0% used [0x00000000e8000000,0x00000000e8000000,0x00000000e8a80000)
 ParOldGen       total 44032K, used 14413K [0x00000000a0000000, 0x00000000a2b00000, 0x00000000e0000000)
  object space 44032K, 32% used [0x00000000a0000000,0x00000000a0e13470,0x00000000a2b00000)
 Metaspace       used 20812K, capacity 21270K, committed 21296K, reserved 1067008K
  class space    used 2912K, capacity 3117K, committed 3120K, reserved 1048576K
}
Event: 23.197 GC heap before
{Heap before GC invocations=7 (full 1):
 PSYoungGen      total 141312K, used 2962K [0x00000000e0000000, 0x00000000e9500000, 0x0000000100000000)
  eden space 131072K, 0% used [0x00000000e0000000,0x00000000e0000000,0x00000000e8000000)
  from space 10240K, 28% used [0x00000000e8b00000,0x00000000e8de4b90,0x00000000e9500000)
  to   space 10752K, 0% used [0x00000000e8000000,0x00000000e8000000,0x00000000e8a80000)
 ParOldGen       total 44032K, used 14413K [0x00000000a0000000, 0x00000000a2b00000, 0x00000000e0000000)
  object space 44032K, 32% used [0x00000000a0000000,0x00000000a0e13470,0x00000000a2b00000)
 Metaspace       used 20812K, capacity 21270K, committed 21296K, reserved 1067008K
  class space    used 2912K, capacity 3117K, committed 3120K, reserved 1048576K
Event: 23.330 GC heap after
Heap after GC invocations=7 (full 1):
 PSYoungGen      total 141312K, used 0K [0x00000000e0000000, 0x00000000e9500000, 0x0000000100000000)
  eden space 131072K, 0% used [0x00000000e0000000,0x00000000e0000000,0x00000000e8000000)
  from space 10240K, 0% used [0x00000000e8b00000,0x00000000e8b00000,0x00000000e9500000)
  to   space 10752K, 0% used [0x00000000e8000000,0x00000000e8000000,0x00000000e8a80000)
 ParOldGen       total 39936K, used 12281K [0x00000000a0000000, 0x00000000a2700000, 0x00000000e0000000)
  object space 39936K, 30% used [0x00000000a0000000,0x00000000a0bfe458,0x00000000a2700000)
 Metaspace       used 20812K, capacity 21270K, committed 21296K, reserved 1067008K
  class space    used 2912K, capacity 3117K, committed 3120K, reserved 1048576K
}
Event: 33.945 GC heap before
{Heap before GC invocations=8 (full 1):
 PSYoungGen      total 141312K, used 131072K [0x00000000e0000000, 0x00000000e9500000, 0x0000000100000000)
  eden space 131072K, 100% used [0x00000000e0000000,0x00000000e8000000,0x00000000e8000000)
  from space 10240K, 0% used [0x00000000e8b00000,0x00000000e8b00000,0x00000000e9500000)
  to   space 10752K, 0% used [0x00000000e8000000,0x00000000e8000000,0x00000000e8a80000)
 ParOldGen       total 39936K, used 12281K [0x00000000a0000000, 0x00000000a2700000, 0x00000000e0000000)
  object space 39936K, 30% used [0x00000000a0000000,0x00000000a0bfe458,0x00000000a2700000)
 Metaspace       used 32367K, capacity 32852K, committed 33072K, reserved 1077248K
  class space    used 4426K, capacity 4621K, committed 4656K, reserved 1048576K
Event: 33.968 GC heap after
Heap after GC invocations=8 (full 1):
 PSYoungGen      total 141824K, used 10728K [0x00000000e0000000, 0x00000000f0180000, 0x0000000100000000)
  eden space 131072K, 0% used [0x00000000e0000000,0x00000000e0000000,0x00000000e8000000)
  from space 10752K, 99% used [0x00000000e8000000,0x00000000e8a7a1c0,0x00000000e8a80000)
  to   space 14336K, 0% used [0x00000000ef380000,0x00000000ef380000,0x00000000f0180000)
 ParOldGen       total 39936K, used 15061K [0x00000000a0000000, 0x00000000a2700000, 0x00000000e0000000)
  object space 39936K, 37% used [0x00000000a0000000,0x00000000a0eb5408,0x00000000a2700000)
 Metaspace       used 32367K, capacity 32852K, committed 33072K, reserved 1077248K
  class space    used 4426K, capacity 4621K, committed 4656K, reserved 1048576K
}
Event: 35.476 GC heap before
{Heap before GC invocations=9 (full 1):
 PSYoungGen      total 141824K, used 40336K [0x00000000e0000000, 0x00000000f0180000, 0x0000000100000000)
  eden space 131072K, 22% used [0x00000000e0000000,0x00000000e1cea238,0x00000000e8000000)
  from space 10752K, 99% used [0x00000000e8000000,0x00000000e8a7a1c0,0x00000000e8a80000)
  to   space 14336K, 0% used [0x00000000ef380000,0x00000000ef380000,0x00000000f0180000)
 ParOldGen       total 39936K, used 15061K [0x00000000a0000000, 0x00000000a2700000, 0x00000000e0000000)
  object space 39936K, 37% used [0x00000000a0000000,0x00000000a0eb5408,0x00000000a2700000)
 Metaspace       used 34871K, capacity 35340K, committed 35496K, reserved 1079296K
  class space    used 4753K, capacity 4955K, committed 5040K, reserved 1048576K

